Scarab gitrev: 3541854
Scarab started at Thu Oct 24 15:46:24 2024

Initialized Ramulator. 
** Heartbeat:   5% -- { 1000004 } -- 0.00 KIPS (55.56 KIPS)
** Heartbeat:  10% -- { 2000007 } -- 52.63 KIPS (54.05 KIPS)
** Heartbeat:  15% -- { 3000010 } -- 71.43 KIPS (58.82 KIPS)
** Heartbeat:  20% -- { 4000011 } -- 100.00 KIPS (65.57 KIPS)
** Heartbeat:  25% -- { 5000011 } -- 52.63 KIPS (62.50 KIPS)
** Heartbeat:  30% -- { 6000011 } -- 58.82 KIPS (61.86 KIPS)
** Heartbeat:  35% -- { 7000011 } -- 66.67 KIPS (62.50 KIPS)
** Heartbeat:  40% -- { 8000014 } -- 76.92 KIPS (64.00 KIPS)
** Heartbeat:  45% -- { 9000015 } -- 100.00 KIPS (66.67 KIPS)
** Heartbeat:  50% -- { 10000015 } -- 62.50 KIPS (66.23 KIPS)
** Heartbeat:  55% -- { 11000020 } -- 50.00 KIPS (64.33 KIPS)
** Heartbeat:  60% -- { 12000020 } -- 58.82 KIPS (63.83 KIPS)
** Heartbeat:  65% -- { 13000022 } -- 71.43 KIPS (64.36 KIPS)
** Heartbeat:  70% -- { 14000024 } -- 100.00 KIPS (66.04 KIPS)
** Heartbeat:  75% -- { 15000029 } -- 71.43 KIPS (66.37 KIPS)
** Heartbeat:  80% -- { 16000031 } -- 43.48 KIPS (64.26 KIPS)
** Heartbeat:  85% -- { 17000031 } -- 62.50 KIPS (64.15 KIPS)
** Heartbeat:  90% -- { 18000032 } -- 71.43 KIPS (64.52 KIPS)
** Heartbeat:  95% -- { 19000035 } -- 100.00 KIPS (65.74 KIPS)
** Core 0 Finished:    insts:20000000    cycles:14010252    time:4378203750000       -- 1.43 IPC (1.43 IPC) --  N/A  KIPS (66.01 KIPS)
Scarab finished at Thu Oct 24 15:51:27 2024

