Scarab gitrev: 3541854
Scarab started at Thu Oct 24 14:48:15 2024

Initialized Ramulator. 
** Heartbeat:   5% -- { 1000000 } -- 0.00 KIPS (17.24 KIPS)
** Heartbeat:  10% -- { 2000000 } -- 19.23 KIPS (18.18 KIPS)
** Heartbeat:  15% -- { 3000000 } -- 16.39 KIPS (17.54 KIPS)
** Heartbeat:  20% -- { 4000000 } -- 16.67 KIPS (17.32 KIPS)
** Heartbeat:  25% -- { 5000000 } -- 16.13 KIPS (17.06 KIPS)
** Heartbeat:  30% -- { 6000000 } -- 17.24 KIPS (17.09 KIPS)
** Heartbeat:  35% -- { 7000000 } -- 18.52 KIPS (17.28 KIPS)
** Heartbeat:  40% -- { 8000000 } -- 16.39 KIPS (17.17 KIPS)
** Heartbeat:  45% -- { 9000000 } -- 16.39 KIPS (17.08 KIPS)
** Heartbeat:  50% -- { 10000000 } -- 15.87 KIPS (16.95 KIPS)
** Heartbeat:  55% -- { 11000000 } -- 19.61 KIPS (17.16 KIPS)
** Heartbeat:  60% -- { 12000000 } -- 16.39 KIPS (17.09 KIPS)
** Heartbeat:  65% -- { 13000000 } -- 16.95 KIPS (17.08 KIPS)
** Heartbeat:  70% -- { 14000000 } -- 16.39 KIPS (17.03 KIPS)
** Heartbeat:  75% -- { 15000000 } -- 15.38 KIPS (16.91 KIPS)
** Heartbeat:  80% -- { 16000000 } -- 16.13 KIPS (16.86 KIPS)
** Heartbeat:  85% -- { 17000000 } -- 17.24 KIPS (16.88 KIPS)
** Heartbeat:  90% -- { 18000000 } -- 17.24 KIPS (16.90 KIPS)
** Heartbeat:  95% -- { 19000000 } -- 16.95 KIPS (16.90 KIPS)
** Heartbeat: 100% -- { 20000000 } -- 16.39 KIPS (16.88 KIPS)
** Core 0 Finished:    insts:20000000    cycles:20335876    time:6354961250000       -- 0.98 IPC (0.98 IPC) --  N/A  KIPS (16.86 KIPS)
Scarab finished at Thu Oct 24 15:08:01 2024

