Scarab gitrev: 3541854
Scarab started at Thu Oct 24 15:46:49 2024

Initialized Ramulator. 
** Heartbeat:   5% -- { 1000004 } -- 0.00 KIPS (55.56 KIPS)
** Heartbeat:  10% -- { 2000007 } -- 55.56 KIPS (55.56 KIPS)
** Heartbeat:  15% -- { 3000010 } -- 71.43 KIPS (60.00 KIPS)
** Heartbeat:  20% -- { 4000011 } -- 100.00 KIPS (66.67 KIPS)
** Heartbeat:  25% -- { 5000011 } -- 55.56 KIPS (64.10 KIPS)
** Heartbeat:  30% -- { 6000011 } -- 50.00 KIPS (61.22 KIPS)
** Heartbeat:  35% -- { 7000011 } -- 62.50 KIPS (61.40 KIPS)
** Heartbeat:  40% -- { 8000014 } -- 76.92 KIPS (62.99 KIPS)
** Heartbeat:  45% -- { 9000015 } -- 90.91 KIPS (65.22 KIPS)
** Heartbeat:  50% -- { 10000015 } -- 66.67 KIPS (65.36 KIPS)
** Heartbeat:  55% -- { 11000020 } -- 45.45 KIPS (62.86 KIPS)
** Heartbeat:  60% -- { 12000020 } -- 62.50 KIPS (62.83 KIPS)
** Heartbeat:  65% -- { 13000022 } -- 83.33 KIPS (64.04 KIPS)
** Heartbeat:  70% -- { 14000024 } -- 111.11 KIPS (66.04 KIPS)
** Heartbeat:  75% -- { 15000029 } -- 76.92 KIPS (66.67 KIPS)
** Heartbeat:  80% -- { 16000031 } -- 43.48 KIPS (64.52 KIPS)
** Heartbeat:  85% -- { 17000031 } -- 71.43 KIPS (64.89 KIPS)
** Heartbeat:  90% -- { 18000032 } -- 66.67 KIPS (64.98 KIPS)
** Heartbeat:  95% -- { 19000035 } -- 100.00 KIPS (66.20 KIPS)
** Core 0 Finished:    insts:20000000    cycles:13964756    time:4363986250000       -- 1.43 IPC (1.43 IPC) --  N/A  KIPS (66.67 KIPS)
Scarab finished at Thu Oct 24 15:51:49 2024

