Scarab gitrev: 3541854
Scarab started at Thu Oct 24 15:32:08 2024

Initialized Ramulator. 
** Heartbeat:   5% -- { 1000001 } -- 0.00 KIPS (62.50 KIPS)
** Heartbeat:  10% -- { 2000004 } -- 62.50 KIPS (62.50 KIPS)
** Heartbeat:  15% -- { 3000008 } -- 66.67 KIPS (63.83 KIPS)
** Heartbeat:  20% -- { 4000011 } -- 76.92 KIPS (66.67 KIPS)
** Heartbeat:  25% -- { 5000011 } -- 71.43 KIPS (67.57 KIPS)
** Heartbeat:  30% -- { 6000015 } -- 76.92 KIPS (68.97 KIPS)
** Heartbeat:  35% -- { 7000016 } -- 76.92 KIPS (70.00 KIPS)
** Heartbeat:  40% -- { 8000016 } -- 71.43 KIPS (70.18 KIPS)
** Heartbeat:  45% -- { 9000016 } -- 66.67 KIPS (69.77 KIPS)
** Heartbeat:  50% -- { 10000017 } -- 66.67 KIPS (69.44 KIPS)
** Heartbeat:  55% -- { 11000021 } -- 71.43 KIPS (69.62 KIPS)
** Heartbeat:  60% -- { 12000022 } -- 83.33 KIPS (70.59 KIPS)
** Heartbeat:  65% -- { 13000025 } -- 71.43 KIPS (70.65 KIPS)
** Heartbeat:  70% -- { 14000029 } -- 66.67 KIPS (70.35 KIPS)
** Heartbeat:  75% -- { 15000032 } -- 76.92 KIPS (70.75 KIPS)
** Heartbeat:  80% -- { 16000037 } -- 66.67 KIPS (70.48 KIPS)
** Heartbeat:  85% -- { 17000042 } -- 66.67 KIPS (70.25 KIPS)
** Heartbeat:  90% -- { 18000044 } -- 71.43 KIPS (70.31 KIPS)
** Heartbeat:  95% -- { 19000047 } -- 76.92 KIPS (70.63 KIPS)
Warning could not fetch inst from frontend
Warning could not fetch inst from frontend
Warning could not fetch inst from frontend
Warning could not fetch inst from frontend
Warning could not fetch inst from frontend
Warning could not fetch inst from frontend
Warning could not fetch inst from frontend
Warning could not fetch inst from frontend
Warning could not fetch inst from frontend
Warning could not fetch inst from frontend
Warning could not fetch inst from frontend
Warning could not fetch inst from frontend
Warning could not fetch inst from frontend
Warning could not fetch inst from frontend
Warning could not fetch inst from frontend
Warning could not fetch inst from frontend
Warning could not fetch inst from frontend
Warning could not fetch inst from frontend
Warning could not fetch inst from frontend
Warning could not fetch inst from frontend
Warning could not fetch inst from frontend
Warning could not fetch inst from frontend
Warning could not fetch inst from frontend
Warning could not fetch inst from frontend
Warning could not fetch inst from frontend
Warning could not fetch inst from frontend
Warning could not fetch inst from frontend
Warning could not fetch inst from frontend
Warning could not fetch inst from frontend
Warning could not fetch inst from frontend
Warning could not fetch inst from frontend
Warning could not fetch inst from frontend
Warning could not fetch inst from frontend
Warning could not fetch inst from frontend
Warning could not fetch inst from frontend
Warning could not fetch inst from frontend
Warning could not fetch inst from frontend
Warning could not fetch inst from frontend
Warning could not fetch inst from frontend
Warning could not fetch inst from frontend
Warning could not fetch inst from frontend
Warning could not fetch inst from frontend
Warning could not fetch inst from frontend
Warning could not fetch inst from frontend
Warning could not fetch inst from frontend
Warning could not fetch inst from frontend
Warning could not fetch inst from frontend
Warning could not fetch inst from frontend
Warning could not fetch inst from frontend
Warning could not fetch inst from frontend
Warning could not fetch inst from frontend
Warning could not fetch inst from frontend
Warning could not fetch inst from frontend
Warning could not fetch inst from frontend
Warning could not fetch inst from frontend
Warning could not fetch inst from frontend
Warning could not fetch inst from frontend
Warning could not fetch inst from frontend
Warning could not fetch inst from frontend
Warning could not fetch inst from frontend
Warning could not fetch inst from frontend
Warning could not fetch inst from frontend
Warning could not fetch inst from frontend
Warning could not fetch inst from frontend
Warning could not fetch inst from frontend
Warning could not fetch inst from frontend
Warning could not fetch inst from frontend
Warning could not fetch inst from frontend
Warning could not fetch inst from frontend
Warning could not fetch inst from frontend
Warning could not fetch inst from frontend
Warning could not fetch inst from frontend
Warning could not fetch inst from frontend
Warning could not fetch inst from frontend
Warning could not fetch inst from frontend
Warning could not fetch inst from frontend
Warning could not fetch inst from frontend
Warning could not fetch inst from frontend
Warning could not fetch inst from frontend
Warning could not fetch inst from frontend
** Core 0 Finished:    insts:20000000    cycles:16893768    time:5279302500000       -- 1.18 IPC (1.18 IPC) --  N/A  KIPS (70.42 KIPS)
Scarab finished at Thu Oct 24 15:36:52 2024

