Scarab gitrev: 3541854
Scarab started at Thu Oct 24 14:36:26 2024

Initialized Ramulator. 
** Heartbeat:   5% -- { 1000000 } -- 0.00 KIPS (19.23 KIPS)
** Heartbeat:  10% -- { 2000000 } -- 18.18 KIPS (18.69 KIPS)
** Heartbeat:  15% -- { 3000000 } -- 16.67 KIPS (17.96 KIPS)
** Heartbeat:  20% -- { 4000000 } -- 18.18 KIPS (18.02 KIPS)
** Heartbeat:  25% -- { 5000000 } -- 16.67 KIPS (17.73 KIPS)
** Heartbeat:  30% -- { 6000000 } -- 17.24 KIPS (17.65 KIPS)
** Heartbeat:  35% -- { 7000000 } -- 16.95 KIPS (17.54 KIPS)
** Heartbeat:  40% -- { 8000000 } -- 15.87 KIPS (17.32 KIPS)
** Heartbeat:  45% -- { 9000000 } -- 17.24 KIPS (17.31 KIPS)
** Heartbeat:  50% -- { 10000000 } -- 16.13 KIPS (17.18 KIPS)
** Heartbeat:  55% -- { 11000000 } -- 16.13 KIPS (17.08 KIPS)
** Heartbeat:  60% -- { 12000000 } -- 16.39 KIPS (17.02 KIPS)
** Heartbeat:  65% -- { 13000000 } -- 17.24 KIPS (17.04 KIPS)
** Heartbeat:  70% -- { 14000000 } -- 17.86 KIPS (17.09 KIPS)
** Heartbeat:  75% -- { 15000000 } -- 16.67 KIPS (17.06 KIPS)
** Heartbeat:  80% -- { 16000000 } -- 16.95 KIPS (17.06 KIPS)
** Heartbeat:  85% -- { 17000000 } -- 15.87 KIPS (16.98 KIPS)
** Heartbeat:  90% -- { 18000000 } -- 16.39 KIPS (16.95 KIPS)
** Heartbeat:  95% -- { 19000000 } -- 18.87 KIPS (17.04 KIPS)
** Heartbeat: 100% -- { 20000000 } -- 16.39 KIPS (17.01 KIPS)
** Core 0 Finished:    insts:20000000    cycles:20335913    time:6354972812500       -- 0.98 IPC (0.98 IPC) --  N/A  KIPS (17.01 KIPS)
Scarab finished at Thu Oct 24 14:56:02 2024

