Scarab gitrev: 3541854
Scarab started at Thu Oct 24 15:44:23 2024

Initialized Ramulator. 
** Heartbeat:   5% -- { 1000004 } -- 0.00 KIPS (52.63 KIPS)
** Heartbeat:  10% -- { 2000007 } -- 58.82 KIPS (55.56 KIPS)
** Heartbeat:  15% -- { 3000010 } -- 71.43 KIPS (60.00 KIPS)
** Heartbeat:  20% -- { 4000011 } -- 100.00 KIPS (66.67 KIPS)
** Heartbeat:  25% -- { 5000011 } -- 47.62 KIPS (61.73 KIPS)
** Heartbeat:  30% -- { 6000011 } -- 58.82 KIPS (61.22 KIPS)
** Heartbeat:  35% -- { 7000011 } -- 62.50 KIPS (61.40 KIPS)
** Heartbeat:  40% -- { 8000014 } -- 76.92 KIPS (62.99 KIPS)
** Heartbeat:  45% -- { 9000015 } -- 90.91 KIPS (65.22 KIPS)
** Heartbeat:  50% -- { 10000015 } -- 66.67 KIPS (65.36 KIPS)
** Heartbeat:  55% -- { 11000020 } -- 50.00 KIPS (63.58 KIPS)
** Heartbeat:  60% -- { 12000022 } -- 66.67 KIPS (63.83 KIPS)
** Heartbeat:  65% -- { 13000022 } -- 83.33 KIPS (65.00 KIPS)
** Heartbeat:  70% -- { 14000024 } -- 100.00 KIPS (66.67 KIPS)
** Heartbeat:  75% -- { 15000029 } -- 76.92 KIPS (67.26 KIPS)
** Heartbeat:  80% -- { 16000031 } -- 43.48 KIPS (65.04 KIPS)
** Heartbeat:  85% -- { 17000031 } -- 66.67 KIPS (65.13 KIPS)
** Heartbeat:  90% -- { 18000032 } -- 71.43 KIPS (65.45 KIPS)
** Heartbeat:  95% -- { 19000032 } -- 100.00 KIPS (66.67 KIPS)
** Core 0 Finished:    insts:20000000    cycles:14065743    time:4395544687500       -- 1.42 IPC (1.42 IPC) --  N/A  KIPS (66.67 KIPS)
Scarab finished at Thu Oct 24 15:49:23 2024

