Scarab gitrev: 3541854
Scarab started at Thu Oct 24 15:44:30 2024

Initialized Ramulator. 
** Heartbeat:   5% -- { 1000004 } -- 0.00 KIPS (52.63 KIPS)
** Heartbeat:  10% -- { 2000007 } -- 55.56 KIPS (54.05 KIPS)
** Heartbeat:  15% -- { 3000010 } -- 66.67 KIPS (57.69 KIPS)
** Heartbeat:  20% -- { 4000011 } -- 100.00 KIPS (64.52 KIPS)
** Heartbeat:  25% -- { 5000011 } -- 55.56 KIPS (62.50 KIPS)
** Heartbeat:  30% -- { 6000011 } -- 52.63 KIPS (60.61 KIPS)
** Heartbeat:  35% -- { 7000011 } -- 55.56 KIPS (59.83 KIPS)
** Heartbeat:  40% -- { 8000014 } -- 76.92 KIPS (61.54 KIPS)
** Heartbeat:  45% -- { 9000015 } -- 100.00 KIPS (64.29 KIPS)
** Heartbeat:  50% -- { 10000015 } -- 55.56 KIPS (63.29 KIPS)
** Heartbeat:  55% -- { 11000020 } -- 45.45 KIPS (61.11 KIPS)
** Heartbeat:  60% -- { 12000020 } -- 58.82 KIPS (60.91 KIPS)
** Heartbeat:  65% -- { 13000022 } -- 71.43 KIPS (61.61 KIPS)
** Heartbeat:  70% -- { 14000024 } -- 100.00 KIPS (63.35 KIPS)
** Heartbeat:  75% -- { 15000029 } -- 66.67 KIPS (63.56 KIPS)
** Heartbeat:  80% -- { 16000031 } -- 41.67 KIPS (61.54 KIPS)
** Heartbeat:  85% -- { 17000031 } -- 71.43 KIPS (62.04 KIPS)
** Heartbeat:  90% -- { 18000032 } -- 66.67 KIPS (62.28 KIPS)
** Heartbeat:  95% -- { 19000032 } -- 100.00 KIPS (63.55 KIPS)
** Core 0 Finished:    insts:20000000    cycles:14200666    time:4437708125000       -- 1.41 IPC (1.41 IPC) --  N/A  KIPS (63.90 KIPS)
Scarab finished at Thu Oct 24 15:49:43 2024

