Scarab gitrev: 3541854
Scarab started at Thu Oct 24 14:56:02 2024

Initialized Ramulator. 
** Heartbeat:   5% -- { 1000000 } -- 0.00 KIPS (29.41 KIPS)
** Heartbeat:  10% -- { 2000000 } -- 25.64 KIPS (27.40 KIPS)
** Heartbeat:  15% -- { 3000003 } -- 27.03 KIPS (27.27 KIPS)
** Heartbeat:  20% -- { 4000007 } -- 23.26 KIPS (26.14 KIPS)
** Heartbeat:  25% -- { 5000008 } -- 26.32 KIPS (26.18 KIPS)
** Heartbeat:  30% -- { 6000008 } -- 23.81 KIPS (25.75 KIPS)
** Heartbeat:  35% -- { 7000011 } -- 25.00 KIPS (25.64 KIPS)
** Heartbeat:  40% -- { 8000013 } -- 29.41 KIPS (26.06 KIPS)
** Heartbeat:  45% -- { 9000017 } -- 40.00 KIPS (27.11 KIPS)
** Heartbeat:  50% -- { 10000018 } -- 27.78 KIPS (27.17 KIPS)
** Heartbeat:  55% -- { 11000018 } -- 22.73 KIPS (26.70 KIPS)
** Heartbeat:  60% -- { 12000018 } -- 35.71 KIPS (27.27 KIPS)
** Heartbeat:  65% -- { 13000018 } -- 27.78 KIPS (27.31 KIPS)
** Heartbeat:  70% -- { 14000019 } -- 29.41 KIPS (27.45 KIPS)
** Heartbeat:  75% -- { 15000023 } -- 28.57 KIPS (27.52 KIPS)
** Heartbeat:  80% -- { 16000026 } -- 31.25 KIPS (27.73 KIPS)
** Heartbeat:  85% -- { 17000026 } -- 31.25 KIPS (27.91 KIPS)
** Heartbeat:  90% -- { 18000026 } -- 24.39 KIPS (27.69 KIPS)
** Heartbeat:  95% -- { 19000026 } -- 26.32 KIPS (27.62 KIPS)
** Core 0 Finished:    insts:20000000    cycles:12155980    time:3798743750000       -- 1.65 IPC (1.65 IPC) --  N/A  KIPS (27.40 KIPS)
Scarab finished at Thu Oct 24 15:08:12 2024

