Scarab gitrev: 3541854
Scarab started at Thu Oct 24 14:16:50 2024

Initialized Ramulator. 
** Heartbeat:   5% -- { 1000000 } -- 0.00 KIPS (16.67 KIPS)
** Heartbeat:  10% -- { 2000000 } -- 16.13 KIPS (16.39 KIPS)
** Heartbeat:  15% -- { 3000000 } -- 16.39 KIPS (16.39 KIPS)
** Heartbeat:  20% -- { 4000000 } -- 17.54 KIPS (16.67 KIPS)
** Heartbeat:  25% -- { 5000000 } -- 17.54 KIPS (16.84 KIPS)
** Heartbeat:  30% -- { 6000000 } -- 16.95 KIPS (16.85 KIPS)
** Heartbeat:  35% -- { 7000000 } -- 18.18 KIPS (17.03 KIPS)
** Heartbeat:  40% -- { 8000000 } -- 18.18 KIPS (17.17 KIPS)
** Heartbeat:  45% -- { 9000000 } -- 17.24 KIPS (17.18 KIPS)
** Heartbeat:  50% -- { 10000000 } -- 15.87 KIPS (17.04 KIPS)
** Heartbeat:  55% -- { 11000000 } -- 16.95 KIPS (17.03 KIPS)
** Heartbeat:  60% -- { 12000000 } -- 16.13 KIPS (16.95 KIPS)
** Heartbeat:  65% -- { 13000000 } -- 15.87 KIPS (16.86 KIPS)
** Heartbeat:  70% -- { 14000000 } -- 18.87 KIPS (16.99 KIPS)
** Heartbeat:  75% -- { 15000000 } -- 16.13 KIPS (16.93 KIPS)
** Heartbeat:  80% -- { 16000000 } -- 16.95 KIPS (16.93 KIPS)
** Heartbeat:  85% -- { 17000000 } -- 17.24 KIPS (16.95 KIPS)
** Heartbeat:  90% -- { 18000005 } -- 17.86 KIPS (17.00 KIPS)
** Heartbeat:  95% -- { 19000009 } -- 16.67 KIPS (16.98 KIPS)
** Core 0 Finished:    insts:20000000    cycles:20689554    time:6465485625000       -- 0.97 IPC (0.97 IPC) --  N/A  KIPS (17.01 KIPS)
Scarab finished at Thu Oct 24 14:36:26 2024

