Scarab gitrev: 3541854
Scarab started at Thu Oct 24 15:46:48 2024

Initialized Ramulator. 
** Heartbeat:   5% -- { 1000004 } -- 0.00 KIPS (62.50 KIPS)
** Heartbeat:  10% -- { 2000007 } -- 58.82 KIPS (60.61 KIPS)
** Heartbeat:  15% -- { 3000010 } -- 66.67 KIPS (62.50 KIPS)
** Heartbeat:  20% -- { 4000011 } -- 100.00 KIPS (68.97 KIPS)
** Heartbeat:  25% -- { 5000011 } -- 55.56 KIPS (65.79 KIPS)
** Heartbeat:  30% -- { 6000011 } -- 62.50 KIPS (65.22 KIPS)
** Heartbeat:  35% -- { 7000011 } -- 62.50 KIPS (64.81 KIPS)
** Heartbeat:  40% -- { 8000014 } -- 83.33 KIPS (66.67 KIPS)
** Heartbeat:  45% -- { 9000015 } -- 111.11 KIPS (69.77 KIPS)
** Heartbeat:  50% -- { 10000015 } -- 62.50 KIPS (68.97 KIPS)
** Heartbeat:  55% -- { 11000020 } -- 50.00 KIPS (66.67 KIPS)
** Heartbeat:  60% -- { 12000020 } -- 66.67 KIPS (66.67 KIPS)
** Heartbeat:  65% -- { 13000022 } -- 76.92 KIPS (67.36 KIPS)
** Heartbeat:  70% -- { 14000024 } -- 111.11 KIPS (69.31 KIPS)
** Heartbeat:  75% -- { 15000029 } -- 76.92 KIPS (69.77 KIPS)
** Heartbeat:  80% -- { 16000031 } -- 43.48 KIPS (67.23 KIPS)
** Heartbeat:  85% -- { 17000031 } -- 71.43 KIPS (67.46 KIPS)
** Heartbeat:  90% -- { 18000032 } -- 66.67 KIPS (67.42 KIPS)
** Heartbeat:  95% -- { 19000035 } -- 111.11 KIPS (68.84 KIPS)
** Core 0 Finished:    insts:20000000    cycles:13994433    time:4373260312500       -- 1.43 IPC (1.43 IPC) --  N/A  KIPS (69.20 KIPS)
Scarab finished at Thu Oct 24 15:51:37 2024

