Scarab gitrev: 3541854
Scarab started at Thu Oct 24 15:01:55 2024

Initialized Ramulator. 
** Heartbeat:   5% -- { 1000000 } -- 0.00 KIPS (27.78 KIPS)
** Heartbeat:  10% -- { 2000000 } -- 27.03 KIPS (27.40 KIPS)
** Heartbeat:  15% -- { 3000003 } -- 29.41 KIPS (28.04 KIPS)
** Heartbeat:  20% -- { 4000004 } -- 25.64 KIPS (27.40 KIPS)
** Heartbeat:  25% -- { 5000007 } -- 27.03 KIPS (27.32 KIPS)
** Heartbeat:  30% -- { 6000012 } -- 23.26 KIPS (26.55 KIPS)
** Heartbeat:  35% -- { 7000016 } -- 23.81 KIPS (26.12 KIPS)
** Heartbeat:  40% -- { 8000016 } -- 29.41 KIPS (26.49 KIPS)
** Heartbeat:  45% -- { 9000017 } -- 28.57 KIPS (26.71 KIPS)
** Heartbeat:  50% -- { 10000018 } -- 26.32 KIPS (26.67 KIPS)
** Heartbeat:  55% -- { 11000018 } -- 25.64 KIPS (26.57 KIPS)
** Heartbeat:  60% -- { 12000018 } -- 32.26 KIPS (26.97 KIPS)
** Heartbeat:  65% -- { 13000018 } -- 26.32 KIPS (26.92 KIPS)
** Heartbeat:  70% -- { 14000019 } -- 28.57 KIPS (27.03 KIPS)
** Heartbeat:  75% -- { 15000023 } -- 27.78 KIPS (27.08 KIPS)
** Heartbeat:  80% -- { 16000026 } -- 23.81 KIPS (26.85 KIPS)
** Heartbeat:  85% -- { 17000026 } -- 30.30 KIPS (27.03 KIPS)
** Heartbeat:  90% -- { 18000026 } -- 26.32 KIPS (26.99 KIPS)
** Heartbeat:  95% -- { 19000026 } -- 25.64 KIPS (26.91 KIPS)
** Core 0 Finished:    insts:20000003    cycles:12202470    time:3813271875000       -- 1.64 IPC (1.64 IPC) --  N/A  KIPS (26.67 KIPS)
Scarab finished at Thu Oct 24 15:14:25 2024

