Scarab gitrev: 3541854
Scarab started at Thu Oct 24 14:47:53 2024

Initialized Ramulator. 
** Heartbeat:   5% -- { 1000000 } -- 0.00 KIPS (17.24 KIPS)
** Heartbeat:  10% -- { 2000000 } -- 17.54 KIPS (17.39 KIPS)
** Heartbeat:  15% -- { 3000000 } -- 16.67 KIPS (17.14 KIPS)
** Heartbeat:  20% -- { 4000000 } -- 18.18 KIPS (17.39 KIPS)
** Heartbeat:  25% -- { 5000000 } -- 20.00 KIPS (17.86 KIPS)
** Heartbeat:  30% -- { 6000000 } -- 17.54 KIPS (17.80 KIPS)
** Heartbeat:  35% -- { 7000000 } -- 16.67 KIPS (17.63 KIPS)
** Heartbeat:  40% -- { 8000000 } -- 17.86 KIPS (17.66 KIPS)
** Heartbeat:  45% -- { 9000000 } -- 16.67 KIPS (17.54 KIPS)
** Heartbeat:  50% -- { 10000000 } -- 15.87 KIPS (17.36 KIPS)
** Heartbeat:  55% -- { 11000000 } -- 17.86 KIPS (17.41 KIPS)
** Heartbeat:  60% -- { 12000000 } -- 17.24 KIPS (17.39 KIPS)
** Heartbeat:  65% -- { 13000000 } -- 16.95 KIPS (17.36 KIPS)
** Heartbeat:  70% -- { 14000000 } -- 15.87 KIPS (17.24 KIPS)
** Heartbeat:  75% -- { 15000000 } -- 16.39 KIPS (17.18 KIPS)
** Heartbeat:  80% -- { 16000000 } -- 17.86 KIPS (17.22 KIPS)
** Heartbeat:  85% -- { 17000000 } -- 17.54 KIPS (17.24 KIPS)
** Heartbeat:  90% -- { 18000000 } -- 16.13 KIPS (17.18 KIPS)
** Heartbeat:  95% -- { 19000000 } -- 16.95 KIPS (17.16 KIPS)
** Heartbeat: 100% -- { 20000000 } -- 16.67 KIPS (17.14 KIPS)
** Core 0 Finished:    insts:20000000    cycles:20337096    time:6355342500000       -- 0.98 IPC (0.98 IPC) --  N/A  KIPS (17.14 KIPS)
Scarab finished at Thu Oct 24 15:07:21 2024

