Scarab gitrev: 3541854
Scarab started at Thu Oct 24 15:05:20 2024

Initialized Ramulator. 
** Heartbeat:   5% -- { 1000000 } -- 0.00 KIPS (27.03 KIPS)
** Heartbeat:  10% -- { 2000000 } -- 25.64 KIPS (26.32 KIPS)
** Heartbeat:  15% -- { 3000003 } -- 27.03 KIPS (26.55 KIPS)
** Heartbeat:  20% -- { 4000007 } -- 22.22 KIPS (25.32 KIPS)
** Heartbeat:  25% -- { 5000008 } -- 29.41 KIPS (26.04 KIPS)
** Heartbeat:  30% -- { 6000008 } -- 23.26 KIPS (25.53 KIPS)
** Heartbeat:  35% -- { 7000011 } -- 23.26 KIPS (25.18 KIPS)
** Heartbeat:  40% -- { 8000013 } -- 35.71 KIPS (26.14 KIPS)
** Heartbeat:  45% -- { 9000017 } -- 27.03 KIPS (26.24 KIPS)
** Heartbeat:  50% -- { 10000018 } -- 27.03 KIPS (26.32 KIPS)
** Heartbeat:  55% -- { 11000018 } -- 25.64 KIPS (26.25 KIPS)
** Heartbeat:  60% -- { 12000021 } -- 32.26 KIPS (26.67 KIPS)
** Heartbeat:  65% -- { 13000021 } -- 27.03 KIPS (26.69 KIPS)
** Heartbeat:  70% -- { 14000021 } -- 25.64 KIPS (26.62 KIPS)
** Heartbeat:  75% -- { 15000023 } -- 27.03 KIPS (26.64 KIPS)
** Heartbeat:  80% -- { 16000026 } -- 23.81 KIPS (26.45 KIPS)
** Heartbeat:  85% -- { 17000026 } -- 33.33 KIPS (26.77 KIPS)
** Heartbeat:  90% -- { 18000026 } -- 25.64 KIPS (26.71 KIPS)
** Heartbeat:  95% -- { 19000026 } -- 29.41 KIPS (26.84 KIPS)
** Core 0 Finished:    insts:20000000    cycles:12112281    time:3785087812500       -- 1.65 IPC (1.65 IPC) --  N/A  KIPS (26.63 KIPS)
Scarab finished at Thu Oct 24 15:17:51 2024

