Scarab gitrev: 3541854
Scarab started at Thu Oct 24 15:01:58 2024

Initialized Ramulator. 
** Heartbeat:   5% -- { 1000000 } -- 0.00 KIPS (26.32 KIPS)
** Heartbeat:  10% -- { 2000000 } -- 32.26 KIPS (28.99 KIPS)
** Heartbeat:  15% -- { 3000003 } -- 27.78 KIPS (28.57 KIPS)
** Heartbeat:  20% -- { 4000004 } -- 25.64 KIPS (27.78 KIPS)
** Heartbeat:  25% -- { 5000008 } -- 25.64 KIPS (27.32 KIPS)
** Heartbeat:  30% -- { 6000008 } -- 23.26 KIPS (26.55 KIPS)
** Heartbeat:  35% -- { 7000011 } -- 22.73 KIPS (25.93 KIPS)
** Heartbeat:  40% -- { 8000013 } -- 30.30 KIPS (26.40 KIPS)
** Heartbeat:  45% -- { 9000017 } -- 32.26 KIPS (26.95 KIPS)
** Heartbeat:  50% -- { 10000018 } -- 25.00 KIPS (26.74 KIPS)
** Heartbeat:  55% -- { 11000018 } -- 22.73 KIPS (26.32 KIPS)
** Heartbeat:  60% -- { 12000018 } -- 30.30 KIPS (26.61 KIPS)
** Heartbeat:  65% -- { 13000018 } -- 27.03 KIPS (26.64 KIPS)
** Heartbeat:  70% -- { 14000019 } -- 24.39 KIPS (26.47 KIPS)
** Heartbeat:  75% -- { 15000023 } -- 28.57 KIPS (26.60 KIPS)
** Heartbeat:  80% -- { 16000026 } -- 22.22 KIPS (26.27 KIPS)
** Heartbeat:  85% -- { 17000026 } -- 34.48 KIPS (26.65 KIPS)
** Heartbeat:  90% -- { 18000026 } -- 25.00 KIPS (26.55 KIPS)
** Heartbeat:  95% -- { 19000026 } -- 25.64 KIPS (26.50 KIPS)
** Core 0 Finished:    insts:20000000    cycles:12175761    time:3804925312500       -- 1.64 IPC (1.64 IPC) --  N/A  KIPS (26.42 KIPS)
Scarab finished at Thu Oct 24 15:14:35 2024

