Scarab gitrev: 3541854
Scarab started at Thu Oct 24 15:44:39 2024

Initialized Ramulator. 
** Heartbeat:   5% -- { 1000004 } -- 0.00 KIPS (52.63 KIPS)
** Heartbeat:  10% -- { 2000007 } -- 50.00 KIPS (51.28 KIPS)
** Heartbeat:  15% -- { 3000010 } -- 62.50 KIPS (54.55 KIPS)
** Heartbeat:  20% -- { 4000011 } -- 76.92 KIPS (58.82 KIPS)
** Heartbeat:  25% -- { 5000011 } -- 52.63 KIPS (57.47 KIPS)
** Heartbeat:  30% -- { 6000011 } -- 50.00 KIPS (56.07 KIPS)
** Heartbeat:  35% -- { 7000011 } -- 58.82 KIPS (56.45 KIPS)
** Heartbeat:  40% -- { 8000014 } -- 76.92 KIPS (58.39 KIPS)
** Heartbeat:  45% -- { 9000015 } -- 90.91 KIPS (60.81 KIPS)
** Heartbeat:  50% -- { 10000015 } -- 58.82 KIPS (60.61 KIPS)
** Heartbeat:  55% -- { 11000020 } -- 45.45 KIPS (58.82 KIPS)
** Heartbeat:  60% -- { 12000022 } -- 71.43 KIPS (59.70 KIPS)
** Heartbeat:  65% -- { 13000022 } -- 62.50 KIPS (59.91 KIPS)
** Heartbeat:  70% -- { 14000024 } -- 142.86 KIPS (62.50 KIPS)
** Heartbeat:  75% -- { 15000029 } -- 76.92 KIPS (63.29 KIPS)
** Heartbeat:  80% -- { 16000031 } -- 43.48 KIPS (61.54 KIPS)
** Heartbeat:  85% -- { 17000031 } -- 66.67 KIPS (61.82 KIPS)
** Heartbeat:  90% -- { 18000032 } -- 71.43 KIPS (62.28 KIPS)
** Heartbeat:  95% -- { 19000032 } -- 111.11 KIPS (63.76 KIPS)
** Core 0 Finished:    insts:20000000    cycles:14182815    time:4432129687500       -- 1.41 IPC (1.41 IPC) --  N/A  KIPS (64.31 KIPS)
Scarab finished at Thu Oct 24 15:49:50 2024



