Scarab gitrev: 3541854
Scarab started at Thu Oct 24 14:16:29 2024

Initialized Ramulator. 
** Heartbeat:   5% -- { 1000000 } -- 0.00 KIPS (16.13 KIPS)
** Heartbeat:  10% -- { 2000000 } -- 17.86 KIPS (16.95 KIPS)
** Heartbeat:  15% -- { 3000000 } -- 16.67 KIPS (16.85 KIPS)
** Heartbeat:  20% -- { 4000000 } -- 17.24 KIPS (16.95 KIPS)
** Heartbeat:  25% -- { 5000000 } -- 17.24 KIPS (17.01 KIPS)
** Heartbeat:  30% -- { 6000000 } -- 18.52 KIPS (17.24 KIPS)
** Heartbeat:  35% -- { 7000000 } -- 17.54 KIPS (17.28 KIPS)
** Heartbeat:  40% -- { 8000000 } -- 17.24 KIPS (17.28 KIPS)
** Heartbeat:  45% -- { 9000000 } -- 16.13 KIPS (17.14 KIPS)
** Heartbeat:  50% -- { 10000000 } -- 16.67 KIPS (17.09 KIPS)
** Heartbeat:  55% -- { 11000000 } -- 17.24 KIPS (17.11 KIPS)
** Heartbeat:  60% -- { 12000000 } -- 17.24 KIPS (17.12 KIPS)
** Heartbeat:  65% -- { 13000000 } -- 17.54 KIPS (17.15 KIPS)
** Heartbeat:  70% -- { 14000000 } -- 17.86 KIPS (17.20 KIPS)
** Heartbeat:  75% -- { 15000000 } -- 16.39 KIPS (17.14 KIPS)
** Heartbeat:  80% -- { 16000000 } -- 17.86 KIPS (17.19 KIPS)
** Heartbeat:  85% -- { 17000000 } -- 16.39 KIPS (17.14 KIPS)
** Heartbeat:  90% -- { 18000005 } -- 17.24 KIPS (17.14 KIPS)
** Heartbeat:  95% -- { 19000009 } -- 17.24 KIPS (17.15 KIPS)
** Core 0 Finished:    insts:20000000    cycles:20785445    time:6495451562500       -- 0.96 IPC (0.96 IPC) --  N/A  KIPS (17.12 KIPS)
Scarab finished at Thu Oct 24 14:35:58 2024

