Scarab gitrev: 3541854
Scarab started at Thu Oct 24 14:35:59 2024

Initialized Ramulator. 
** Heartbeat:   5% -- { 1000000 } -- 0.00 KIPS (17.24 KIPS)
** Heartbeat:  10% -- { 2000000 } -- 17.86 KIPS (17.54 KIPS)
** Heartbeat:  15% -- { 3000000 } -- 17.24 KIPS (17.44 KIPS)
** Heartbeat:  20% -- { 4000000 } -- 16.95 KIPS (17.32 KIPS)
** Heartbeat:  25% -- { 5000000 } -- 17.54 KIPS (17.36 KIPS)
** Heartbeat:  30% -- { 6000000 } -- 16.95 KIPS (17.29 KIPS)
** Heartbeat:  35% -- { 7000000 } -- 17.54 KIPS (17.33 KIPS)
** Heartbeat:  40% -- { 8000000 } -- 17.86 KIPS (17.39 KIPS)
** Heartbeat:  45% -- { 9000000 } -- 17.86 KIPS (17.44 KIPS)
** Heartbeat:  50% -- { 10000000 } -- 16.39 KIPS (17.33 KIPS)
** Heartbeat:  55% -- { 11000000 } -- 16.67 KIPS (17.27 KIPS)
** Heartbeat:  60% -- { 12000000 } -- 16.95 KIPS (17.24 KIPS)
** Heartbeat:  65% -- { 13000000 } -- 18.87 KIPS (17.36 KIPS)
** Heartbeat:  70% -- { 14000000 } -- 17.24 KIPS (17.35 KIPS)
** Heartbeat:  75% -- { 15000000 } -- 16.95 KIPS (17.32 KIPS)
** Heartbeat:  80% -- { 16000000 } -- 18.52 KIPS (17.39 KIPS)
** Heartbeat:  85% -- { 17000000 } -- 17.24 KIPS (17.38 KIPS)
** Heartbeat:  90% -- { 18000000 } -- 16.39 KIPS (17.32 KIPS)
** Heartbeat:  95% -- { 19000000 } -- 18.18 KIPS (17.37 KIPS)
** Heartbeat: 100% -- { 20000000 } -- 16.95 KIPS (17.35 KIPS)
** Core 0 Finished:    insts:20000000    cycles:20337096    time:6355342500000       -- 0.98 IPC (0.98 IPC) --  N/A  KIPS (17.35 KIPS)
Scarab finished at Thu Oct 24 14:55:13 2024

