Scarab gitrev: 3541854
Scarab started at Thu Oct 24 14:16:46 2024

Initialized Ramulator. 
** Heartbeat:   5% -- { 1000000 } -- 0.00 KIPS (17.24 KIPS)
** Heartbeat:  10% -- { 2000000 } -- 18.87 KIPS (18.02 KIPS)
** Heartbeat:  15% -- { 3000000 } -- 16.67 KIPS (17.54 KIPS)
** Heartbeat:  20% -- { 4000000 } -- 18.87 KIPS (17.86 KIPS)
** Heartbeat:  25% -- { 5000000 } -- 16.39 KIPS (17.54 KIPS)
** Heartbeat:  30% -- { 6000000 } -- 18.18 KIPS (17.65 KIPS)
** Heartbeat:  35% -- { 7000000 } -- 16.67 KIPS (17.50 KIPS)
** Heartbeat:  40% -- { 8000000 } -- 16.95 KIPS (17.43 KIPS)
** Heartbeat:  45% -- { 9000000 } -- 16.67 KIPS (17.34 KIPS)
** Heartbeat:  50% -- { 10000000 } -- 17.54 KIPS (17.36 KIPS)
** Heartbeat:  55% -- { 11000000 } -- 18.18 KIPS (17.43 KIPS)
** Heartbeat:  60% -- { 12000000 } -- 16.95 KIPS (17.39 KIPS)
** Heartbeat:  65% -- { 13000000 } -- 16.95 KIPS (17.36 KIPS)
** Heartbeat:  70% -- { 14000000 } -- 16.67 KIPS (17.31 KIPS)
** Heartbeat:  75% -- { 15000000 } -- 18.52 KIPS (17.38 KIPS)
** Heartbeat:  80% -- { 16000000 } -- 16.39 KIPS (17.32 KIPS)
** Heartbeat:  85% -- { 17000000 } -- 17.86 KIPS (17.35 KIPS)
** Heartbeat:  90% -- { 18000005 } -- 16.67 KIPS (17.31 KIPS)
** Heartbeat:  95% -- { 19000009 } -- 18.52 KIPS (17.37 KIPS)
** Core 0 Finished:    insts:20000000    cycles:20698518    time:6468286875000       -- 0.97 IPC (0.97 IPC) --  N/A  KIPS (17.41 KIPS)
Scarab finished at Thu Oct 24 14:35:55 2024

