Scarab gitrev: 3541854
Scarab started at Thu Oct 24 15:02:17 2024

Initialized Ramulator. 
** Heartbeat:   5% -- { 1000000 } -- 0.00 KIPS (25.64 KIPS)
** Heartbeat:  10% -- { 2000000 } -- 27.03 KIPS (26.32 KIPS)
** Heartbeat:  15% -- { 3000003 } -- 27.78 KIPS (26.79 KIPS)
** Heartbeat:  20% -- { 4000007 } -- 23.81 KIPS (25.97 KIPS)
** Heartbeat:  25% -- { 5000008 } -- 25.00 KIPS (25.77 KIPS)
** Heartbeat:  30% -- { 6000008 } -- 25.00 KIPS (25.64 KIPS)
** Heartbeat:  35% -- { 7000011 } -- 23.81 KIPS (25.36 KIPS)
** Heartbeat:  40% -- { 8000013 } -- 33.33 KIPS (26.14 KIPS)
** Heartbeat:  45% -- { 9000017 } -- 26.32 KIPS (26.16 KIPS)
** Heartbeat:  50% -- { 10000018 } -- 31.25 KIPS (26.60 KIPS)
** Heartbeat:  55% -- { 11000018 } -- 21.74 KIPS (26.07 KIPS)
** Heartbeat:  60% -- { 12000021 } -- 32.26 KIPS (26.49 KIPS)
** Heartbeat:  65% -- { 13000021 } -- 27.03 KIPS (26.53 KIPS)
** Heartbeat:  70% -- { 14000021 } -- 27.03 KIPS (26.57 KIPS)
** Heartbeat:  75% -- { 15000023 } -- 27.78 KIPS (26.64 KIPS)
** Heartbeat:  80% -- { 16000026 } -- 23.81 KIPS (26.45 KIPS)
** Heartbeat:  85% -- { 17000026 } -- 33.33 KIPS (26.77 KIPS)
** Heartbeat:  90% -- { 18000026 } -- 25.00 KIPS (26.67 KIPS)
** Heartbeat:  95% -- { 19000026 } -- 27.78 KIPS (26.72 KIPS)
** Core 0 Finished:    insts:20000000    cycles:12115296    time:3786030000000       -- 1.65 IPC (1.65 IPC) --  N/A  KIPS (26.39 KIPS)
Scarab finished at Thu Oct 24 15:14:56 2024

