Scarab gitrev: 3541854
Scarab started at Thu Oct 24 15:45:52 2024

Initialized Ramulator. 
** Heartbeat:   5% -- { 1000004 } -- 0.00 KIPS (55.56 KIPS)
** Heartbeat:  10% -- { 2000007 } -- 55.56 KIPS (55.56 KIPS)
** Heartbeat:  15% -- { 3000010 } -- 58.82 KIPS (56.60 KIPS)
** Heartbeat:  20% -- { 4000011 } -- 76.92 KIPS (60.61 KIPS)
** Heartbeat:  25% -- { 5000011 } -- 50.00 KIPS (58.14 KIPS)
** Heartbeat:  30% -- { 6000011 } -- 50.00 KIPS (56.60 KIPS)
** Heartbeat:  35% -- { 7000011 } -- 66.67 KIPS (57.85 KIPS)
** Heartbeat:  40% -- { 8000014 } -- 76.92 KIPS (59.70 KIPS)
** Heartbeat:  45% -- { 9000015 } -- 90.91 KIPS (62.07 KIPS)
** Heartbeat:  50% -- { 10000015 } -- 58.82 KIPS (61.73 KIPS)
** Heartbeat:  55% -- { 11000020 } -- 50.00 KIPS (60.44 KIPS)
** Heartbeat:  60% -- { 12000020 } -- 58.82 KIPS (60.30 KIPS)
** Heartbeat:  65% -- { 13000022 } -- 71.43 KIPS (61.03 KIPS)
** Heartbeat:  70% -- { 14000024 } -- 111.11 KIPS (63.06 KIPS)
** Heartbeat:  75% -- { 15000029 } -- 76.92 KIPS (63.83 KIPS)
** Heartbeat:  80% -- { 16000031 } -- 40.00 KIPS (61.54 KIPS)
** Heartbeat:  85% -- { 17000031 } -- 66.67 KIPS (61.82 KIPS)
** Heartbeat:  90% -- { 18000032 } -- 66.67 KIPS (62.07 KIPS)
** Heartbeat:  95% -- { 19000032 } -- 111.11 KIPS (63.55 KIPS)
** Core 0 Finished:    insts:20000000    cycles:14155550    time:4423609375000       -- 1.41 IPC (1.41 IPC) --  N/A  KIPS (64.10 KIPS)
Scarab finished at Thu Oct 24 15:51:05 2024



