Scarab gitrev: 3541854
Scarab started at Thu Oct 24 14:07:06 2024

Initialized Ramulator. 
** Heartbeat:   5% -- { 1000000 } -- 0.00 KIPS (18.18 KIPS)
** Heartbeat:  10% -- { 2000000 } -- 17.86 KIPS (18.02 KIPS)
** Heartbeat:  15% -- { 3000000 } -- 17.54 KIPS (17.86 KIPS)
** Heartbeat:  20% -- { 4000000 } -- 18.87 KIPS (18.10 KIPS)
** Heartbeat:  25% -- { 5000000 } -- 17.54 KIPS (17.99 KIPS)
** Heartbeat:  30% -- { 6000000 } -- 17.24 KIPS (17.86 KIPS)
** Heartbeat:  35% -- { 7000000 } -- 17.24 KIPS (17.77 KIPS)
** Heartbeat:  40% -- { 8000000 } -- 17.86 KIPS (17.78 KIPS)
** Heartbeat:  45% -- { 9000000 } -- 16.39 KIPS (17.61 KIPS)
** Heartbeat:  50% -- { 10000000 } -- 17.86 KIPS (17.64 KIPS)
** Heartbeat:  55% -- { 11000000 } -- 17.54 KIPS (17.63 KIPS)
** Heartbeat:  60% -- { 12000000 } -- 17.24 KIPS (17.60 KIPS)
** Heartbeat:  65% -- { 13000000 } -- 20.83 KIPS (17.81 KIPS)
** Heartbeat:  70% -- { 14000000 } -- 17.24 KIPS (17.77 KIPS)
** Heartbeat:  75% -- { 15000000 } -- 17.54 KIPS (17.75 KIPS)
** Heartbeat:  80% -- { 16000000 } -- 17.54 KIPS (17.74 KIPS)
** Heartbeat:  85% -- { 17000000 } -- 16.67 KIPS (17.67 KIPS)
** Heartbeat:  90% -- { 18000005 } -- 17.86 KIPS (17.68 KIPS)
** Heartbeat:  95% -- { 19000009 } -- 16.95 KIPS (17.64 KIPS)
** Core 0 Finished:    insts:20000000    cycles:20781641    time:6494262812500       -- 0.96 IPC (0.96 IPC) --  N/A  KIPS (17.62 KIPS)
Scarab finished at Thu Oct 24 14:26:01 2024

