Scarab gitrev: 3541854
Scarab started at Thu Oct 24 15:02:53 2024

Initialized Ramulator. 
** Heartbeat:   5% -- { 1000000 } -- 0.00 KIPS (27.78 KIPS)
** Heartbeat:  10% -- { 2000000 } -- 27.78 KIPS (27.78 KIPS)
** Heartbeat:  15% -- { 3000003 } -- 30.30 KIPS (28.57 KIPS)
** Heartbeat:  20% -- { 4000007 } -- 25.00 KIPS (27.59 KIPS)
** Heartbeat:  25% -- { 5000008 } -- 28.57 KIPS (27.78 KIPS)
** Heartbeat:  30% -- { 6000008 } -- 24.39 KIPS (27.15 KIPS)
** Heartbeat:  35% -- { 7000011 } -- 26.32 KIPS (27.03 KIPS)
** Heartbeat:  40% -- { 8000013 } -- 37.04 KIPS (27.97 KIPS)
** Heartbeat:  45% -- { 9000017 } -- 27.03 KIPS (27.86 KIPS)
** Heartbeat:  50% -- { 10000018 } -- 27.03 KIPS (27.78 KIPS)
** Heartbeat:  55% -- { 11000018 } -- 22.22 KIPS (27.16 KIPS)
** Heartbeat:  60% -- { 12000021 } -- 32.26 KIPS (27.52 KIPS)
** Heartbeat:  65% -- { 13000021 } -- 26.32 KIPS (27.43 KIPS)
** Heartbeat:  70% -- { 14000021 } -- 35.71 KIPS (27.89 KIPS)
** Heartbeat:  75% -- { 15000023 } -- 28.57 KIPS (27.93 KIPS)
** Heartbeat:  80% -- { 16000026 } -- 25.00 KIPS (27.73 KIPS)
** Heartbeat:  85% -- { 17000026 } -- 33.33 KIPS (28.01 KIPS)
** Heartbeat:  90% -- { 18000026 } -- 26.32 KIPS (27.91 KIPS)
** Heartbeat:  95% -- { 19000026 } -- 25.00 KIPS (27.74 KIPS)
** Core 0 Finished:    insts:20000000    cycles:12114029    time:3785634062500       -- 1.65 IPC (1.65 IPC) --  N/A  KIPS (27.32 KIPS)
Scarab finished at Thu Oct 24 15:15:05 2024

